<?xml version="1.0" encoding="UTF-8" ?>
<testsuite tests="27" failures="1" name="TestSuite" time="2.878" errors="0" skipped="26">
  <properties>
[...]
</properties>
  <testcase classname="KontaktTelecom.KontaktTelecom" name="setUp" time="2.861">
    <failure message="Could not start a new session. Possible causes are invalid address of the remote server or browser start-up failure.
Build info: version: &apos;2.45.0&apos;, revision: &apos;5017cb8e7ca8e37638dc3091b2440b90a1d8686f&apos;, time: &apos;2015-02-27 09:10:26&apos;
System info: host: &apos;Testing-2&apos;, ip: &apos;172.16.20.88&apos;, os.name: &apos;Windows 7&apos;, os.arch: &apos;amd64&apos;, os.version: &apos;6.1&apos;, java.version: &apos;1.8.0_111&apos;
Driver info: driver.version: AndroidDriver" type="org.openqa.selenium.remote.UnreachableBrowserException">org.openqa.selenium.remote.UnreachableBrowserException: Could not start a new session. Possible causes are invalid address of the remote server or browser start-up failure.
Build info: version: &apos;2.45.0&apos;, revision: &apos;5017cb8e7ca8e37638dc3091b2440b90a1d8686f&apos;, time: &apos;2015-02-27 09:10:26&apos;
System info: host: &apos;Testing-2&apos;, ip: &apos;172.16.20.88&apos;, os.name: &apos;Windows 7&apos;, os.arch: &apos;amd64&apos;, os.version: &apos;6.1&apos;, java.version: &apos;1.8.0_111&apos;
Driver info: driver.version: AndroidDriver
	at org.openqa.selenium.remote.RemoteWebDriver.execute(RemoteWebDriver.java:593)
	at io.appium.java_client.DefaultGenericMobileDriver.execute(DefaultGenericMobileDriver.java:42)
	at io.appium.java_client.AppiumDriver.execute(AppiumDriver.java:1)
	at io.appium.java_client.android.AndroidDriver.execute(AndroidDriver.java:1)
	at org.openqa.selenium.remote.RemoteWebDriver.startSession(RemoteWebDriver.java:240)
	at org.openqa.selenium.remote.RemoteWebDriver.&lt;init&gt;(RemoteWebDriver.java:126)
	at org.openqa.selenium.remote.RemoteWebDriver.&lt;init&gt;(RemoteWebDriver.java:139)
	at io.appium.java_client.DefaultGenericMobileDriver.&lt;init&gt;(DefaultGenericMobileDriver.java:37)
	at io.appium.java_client.AppiumDriver.&lt;init&gt;(AppiumDriver.java:161)
	at io.appium.java_client.AppiumDriver.&lt;init&gt;(AppiumDriver.java:170)
	at io.appium.java_client.android.AndroidDriver.&lt;init&gt;(AndroidDriver.java:82)
	at KontaktTelecom.KontaktTelecom.setUp(KontaktTelecom.java:42)
Caused by: org.openqa.selenium.WebDriverException: org.apache.http.conn.HttpHostConnectException: Connect to 172.16.21.190:4723 [/172.16.21.190] failed: Connection refused: connect
Build info: version: &apos;2.45.0&apos;, revision: &apos;5017cb8e7ca8e37638dc3091b2440b90a1d8686f&apos;, time: &apos;2015-02-27 09:10:26&apos;
System info: host: &apos;Testing-2&apos;, ip: &apos;172.16.20.88&apos;, os.name: &apos;Windows 7&apos;, os.arch: &apos;amd64&apos;, os.version: &apos;6.1&apos;, java.version: &apos;1.8.0_111&apos;
Driver info: driver.version: AndroidDriver
	at io.appium.java_client.remote.AppiumCommandExecutor.execute(AppiumCommandExecutor.java:79)
	at org.openqa.selenium.remote.RemoteWebDriver.execute(RemoteWebDriver.java:572)
	... 42 more
Caused by: org.apache.http.conn.HttpHostConnectException: Connect to 172.16.21.190:4723 [/172.16.21.190] failed: Connection refused: connect
	at org.apache.http.impl.conn.HttpClientConnectionOperator.connect(HttpClientConnectionOperator.java:140)
	at org.apache.http.impl.conn.PoolingHttpClientConnectionManager.connect(PoolingHttpClientConnectionManager.java:314)
	at org.apache.http.impl.execchain.MainClientExec.establishRoute(MainClientExec.java:363)
	at org.apache.http.impl.execchain.MainClientExec.execute(MainClientExec.java:219)
	at org.apache.http.impl.execchain.ProtocolExec.execute(ProtocolExec.java:195)
	at org.apache.http.impl.execchain.RetryExec.execute(RetryExec.java:86)
	at org.apache.http.impl.execchain.RedirectExec.execute(RedirectExec.java:108)
	at org.apache.http.impl.client.InternalHttpClient.doExecute(InternalHttpClient.java:186)
	at org.apache.http.impl.client.CloseableHttpClient.execute(CloseableHttpClient.java:72)
	at org.apache.http.impl.client.CloseableHttpClient.execute(CloseableHttpClient.java:57)
	at org.openqa.selenium.remote.internal.ApacheHttpClient.fallBackExecute(ApacheHttpClient.java:126)
	at org.openqa.selenium.remote.internal.ApacheHttpClient.execute(ApacheHttpClient.java:72)
	at org.openqa.selenium.remote.HttpCommandExecutor.execute(HttpCommandExecutor.java:133)
	at io.appium.java_client.remote.AppiumCommandExecutor.execute(AppiumCommandExecutor.java:67)
	... 43 more
Caused by: java.net.ConnectException: Connection refused: connect
	at java.net.DualStackPlainSocketImpl.waitForConnect(Native Method)
	at java.net.DualStackPlainSocketImpl.socketConnect(DualStackPlainSocketImpl.java:85)
	at java.net.AbstractPlainSocketImpl.doConnect(AbstractPlainSocketImpl.java:350)
	at java.net.AbstractPlainSocketImpl.connectToAddress(AbstractPlainSocketImpl.java:206)
	at java.net.AbstractPlainSocketImpl.connect(AbstractPlainSocketImpl.java:188)
	at java.net.PlainSocketImpl.connect(PlainSocketImpl.java:172)
	at java.net.SocksSocketImpl.connect(SocksSocketImpl.java:392)
	at java.net.Socket.connect(Socket.java:589)
	at org.apache.http.conn.socket.PlainConnectionSocketFactory.connectSocket(PlainConnectionSocketFactory.java:72)
	at org.apache.http.impl.conn.HttpClientConnectionOperator.connect(HttpClientConnectionOperator.java:117)
	... 56 more
</failure>
  </testcase>
  <testcase classname="KontaktTelecom.KontaktTelecom" name="SetUp" time="0">
    <skipped/>
  </testcase>
  <testcase classname="KontaktTelecom.KontaktTelecom" name="tearDown" time="0">
    <skipped/>
  </testcase>
  <testcase classname="KontaktTelecom.KontaktTelecom" name="EnableServiceStickers" time="0">
    <skipped/>
  </testcase>
  <testcase classname="KontaktTelecom.KontaktTelecom" name="tearDown" time="0.017">
    <skipped/>
  </testcase>
  <testcase classname="KontaktTelecom.KontaktTelecom" name="StickersKeyBoardSelection" time="0">
    <skipped/>
  </testcase>
  <testcase classname="KontaktTelecom.KontaktTelecom" name="tearDown" time="0">
    <skipped/>
  </testcase>
  <testcase classname="KontaktTelecom.KontaktTelecom" name="TwitterChannelSelection" time="0">
    <skipped/>
  </testcase>
  <testcase classname="KontaktTelecom.KontaktTelecom" name="tearDown" time="0">
    <skipped/>
  </testcase>
  <testcase classname="KontaktTelecom.KontaktTelecom" name="NewMessage" time="0">
    <skipped/>
  </testcase>
  <testcase classname="KontaktTelecom.KontaktTelecom" name="tearDown" time="0">
    <skipped/>
  </testcase>
  <testcase classname="KontaktTelecom.KontaktTelecom" name="Sticker1" time="0">
    <skipped/>
  </testcase>
  <testcase classname="KontaktTelecom.KontaktTelecom" name="tearDown" time="0">
    <skipped/>
  </testcase>
  <testcase classname="KontaktTelecom.KontaktTelecom" name="Sticker2" time="0">
    <skipped/>
  </testcase>
  <testcase classname="KontaktTelecom.KontaktTelecom" name="tearDown" time="0">
    <skipped/>
  </testcase>
  <testcase classname="KontaktTelecom.KontaktTelecom" name="Sticker3" time="0">
    <skipped/>
  </testcase>
  <testcase classname="KontaktTelecom.KontaktTelecom" name="tearDown" time="0">
    <skipped/>
  </testcase>
  <testcase classname="KontaktTelecom.KontaktTelecom" name="Sticker4" time="0">
    <skipped/>
  </testcase>
  <testcase classname="KontaktTelecom.KontaktTelecom" name="tearDown" time="0">
    <skipped/>
  </testcase>
  <testcase classname="KontaktTelecom.KontaktTelecom" name="Sticker5" time="0">
    <skipped/>
  </testcase>
  <testcase classname="KontaktTelecom.KontaktTelecom" name="tearDown" time="0">
    <skipped/>
  </testcase>
  <testcase classname="KontaktTelecom.KontaktTelecom" name="Sticker6" time="0">
    <skipped/>
  </testcase>
  <testcase classname="KontaktTelecom.KontaktTelecom" name="tearDown" time="0">
    <skipped/>
  </testcase>
  <testcase classname="KontaktTelecom.KontaktTelecom" name="Sticker7" time="0">
    <skipped/>
  </testcase>
  <testcase classname="KontaktTelecom.KontaktTelecom" name="tearDown" time="0">
    <skipped/>
  </testcase>
  <testcase classname="KontaktTelecom.KontaktTelecom" name="Sticker8" time="0">
    <skipped/>
  </testcase>
  <testcase classname="KontaktTelecom.KontaktTelecom" name="tearDown" time="0">
    <skipped/>
  </testcase>
</testsuite>